# Журнал Изменений

## 0.7.1 - 2026-04-30 - PATCH - TVIDEO-008-validation-and-hardening

- Настроен coverage, достигнуто 99% покрытия кода для src/translate_video/.
- Добавлена логика пропуска уже завершённых этапов (возобновление пайплайна) и флаг `--force` для принудительного перезапуска.
- Улучшена обработка ошибок CLI (перехват `FileNotFoundError`, `ValueError`, `JSONDecodeError`) с возвратом `exit code 1` без трейсбека.
- Добавлены новые тесты граничных случаев: пустые сегменты, нулевая длительность, юникод, многострочный текст и спецсимволы в субтитрах.
- Написаны интеграционные и нагрузочные тесты изоляции артефактов при конкурентном запуске проектов.
- Добавлен скрипт `scripts/bump_version.py` для автоматического обновления версий.
- Итого 118 тестов, все проходят.

## 0.7.0 - 2026-04-30 - MINOR - TVIDEO-007-editable-artifacts

- Добавлен модуль экспорта артефактов: SRT, WebVTT, отчёт по таймингам,
  артефакт ревью перевода.
- Расширено хранилище проекта: метод export_subtitles с регистрацией
  артефакта и контрольной суммой.
- CLI получил команды export-srt, export-vtt, timing-report, review.
- Добавлены модульные тесты экспорта (SRT, VTT, timing, review) и
  E2E-тесты CLI-команд экспорта.
- Итого 98 тестов, все проходят.

## 0.6.0 - 2026-04-30 - MINOR - TVIDEO-006-e2e-video-fixture

- Добавлен скрипт создания синтетического тестового видео для e2e-тестов
  (tests/e2e/fixtures/create_test_video.py) через imageio-ffmpeg без
  системного ffmpeg.
- Видео содержит тональный WAV-трек, имитирующий 3 сегмента английской речи.
- Добавлены 12 e2e-тестов (E2EVideoFixtureTest, E2EPreflightTest,
  E2EFullPipelineTest) — полный CLI-цикл с fake-провайдерами.
- Итого 43 теста, все проходят.

## 0.5.0 - 2026-04-30 - MINOR - TVIDEO-005-real-video-preflight

- Добавлена команда CLI `preflight` для проверки входного видео и окружения без
  запуска перевода.
- Добавлен модуль предварительных проверок файла, legacy Python-зависимостей и
  системных команд FFmpeg/FFprobe.
- Добавлены модульные тесты preflight-логики и CLI-отчета.
- Добавлена документация ручной проверки реального видео без коммита
  медиафайлов в репозиторий.

## 0.4.0 - 2026-04-30 - MINOR - TVIDEO-004-legacy-adapters

- Добавлены реальные адаптеры для MoviePy, faster-whisper, deep-translator и
  edge-tts поверх контрактов ядра.
- CLI получил выбор `--provider legacy` для запуска пайплайна через адаптеры
  устаревшего скрипта.
- Добавлены модульные тесты адаптеров без запуска тяжелых внешних зависимостей.
- Обновлена документация провайдеров и CLI.

## 0.3.0 - 2026-04-30 - MINOR - TVIDEO-003-cli-foundation

- Добавлен CLI `translate-video` с командами `init`, `run`, `status`,
  `artifacts` и `config`.
- CLI подключен к текущему ядру и последовательному раннеру через
  имитационные провайдеры.
- Добавлены модульные и интеграционные тесты CLI.
- Обновлена документация по запуску CLI и метаданные версии.

## 0.2.0 - 2026-04-30 - MINOR - TVIDEO-002-core-pipeline-services

- Добавлены интерфейсы провайдеров для медиа, распознавания речи, перевода,
  TTS и рендера.
- Добавлены провайдер-независимые этапы пайплайна и последовательный раннер.
- Добавлены вспомогательные функции для сохранения типизированных артефактов и
  запусков этапов.
- Добавлены модульные и интеграционные тесты с имитационными провайдерами.

## 0.1.0 - 2026-04-30 - MINOR - TVIDEO-001-core-architecture

- Добавлены архитектура, процесс разработки, webhook-план и wiki проекта.
- Добавлен пакет ядра с типизированными контрактами конфигурации, проекта,
  сегментов, артефактов, этапов и webhook.
- Добавлены сфокусированные модульные тесты контрактов ядра.
- README обновлен под мультиязычное направление проекта, где ядро строится
  первым.
